<?xml version="1.0" encoding="UTF-8"?>
<testsuite xmlns:xsi="http://www.w3.org/2001/XMLSchema-instance" xsi:noNamespaceSchemaLocation="https://maven.apache.org/surefire/maven-surefire-plugin/xsd/surefire-test-report.xsd" name="com.kgc.test.UserTest" time="1.896" tests="1" errors="0" skipped="0" failures="0">
  <properties>
    <property name="sun.desktop" value="windows"/>
    <property name="awt.toolkit" value="sun.awt.windows.WToolkit"/>
    <property name="file.encoding.pkg" value="sun.io"/>
    <property name="java.specification.version" value="1.8"/>
    <property name="sun.cpu.isalist" value="amd64"/>
    <property name="sun.jnu.encoding" value="GBK"/>
    <property name="java.class.path" value="E:\itripback\itrip_auth\target\test-classes;E:\itripback\itrip_auth\target\classes;E:\itripback\itrip_dao\target\itrip_dao-1.0-SNAPSHOT.jar;E:\itripback\itrip_utils\target\itrip_utils-1.0-SNAPSHOT.jar;E:\itripback\itrip_beans\target\itrip_beans-1.0-SNAPSHOT.jar;E:\maven\repository\com\belerweb\pinyin4j\2.5.1\pinyin4j-2.5.1.jar;E:\maven\repository\cz\mallat\uasparser\uasparser\0.6.0\uasparser-0.6.0.jar;E:\maven\repository\net\sourceforge\jregex\jregex\1.2_01\jregex-1.2_01.jar;E:\maven\repository\junit\junit\4.11\junit-4.11.jar;E:\maven\repository\org\springframework\spring-core\4.2.4.RELEASE\spring-core-4.2.4.RELEASE.jar;E:\maven\repository\org\springframework\spring-beans\4.2.4.RELEASE\spring-beans-4.2.4.RELEASE.jar;E:\maven\repository\org\springframework\spring-context\4.2.4.RELEASE\spring-context-4.2.4.RELEASE.jar;E:\maven\repository\org\springframework\spring-expression\4.2.4.RELEASE\spring-expression-4.2.4.RELEASE.jar;E:\maven\repository\org\springframework\spring-aop\4.2.4.RELEASE\spring-aop-4.2.4.RELEASE.jar;E:\maven\repository\org\springframework\spring-aspects\4.2.4.RELEASE\spring-aspects-4.2.4.RELEASE.jar;E:\maven\repository\aopalliance\aopalliance\1.0\aopalliance-1.0.jar;E:\maven\repository\org\aspectj\aspectjweaver\1.9.5\aspectjweaver-1.9.5.jar;E:\maven\repository\org\mybatis\mybatis\3.5.3\mybatis-3.5.3.jar;E:\maven\repository\org\mybatis\mybatis-spring\2.0.3\mybatis-spring-2.0.3.jar;E:\maven\repository\org\apache\commons\commons-dbcp2\2.6.0\commons-dbcp2-2.6.0.jar;E:\maven\repository\org\apache\commons\commons-pool2\2.6.1\commons-pool2-2.6.1.jar;E:\maven\repository\org\springframework\spring-jdbc\4.2.4.RELEASE\spring-jdbc-4.2.4.RELEASE.jar;E:\maven\repository\org\springframework\spring-tx\4.2.4.RELEASE\spring-tx-4.2.4.RELEASE.jar;E:\maven\repository\mysql\mysql-connector-java\5.1.46\mysql-connector-java-5.1.46.jar;E:\maven\repository\org\springframework\spring-web\4.2.4.RELEASE\spring-web-4.2.4.RELEASE.jar;E:\maven\repository\org\springframework\spring-webmvc\4.2.4.RELEASE\spring-webmvc-4.2.4.RELEASE.jar;E:\maven\repository\javax\servlet\jsp\jsp-api\2.1\jsp-api-2.1.jar;E:\maven\repository\javax\servlet\javax.servlet-api\4.0.1\javax.servlet-api-4.0.1.jar;E:\maven\repository\jstl\jstl\1.2\jstl-1.2.jar;E:\maven\repository\org\apache\taglibs\taglibs-standard-spec\1.2.1\taglibs-standard-spec-1.2.1.jar;E:\maven\repository\org\apache\taglibs\taglibs-standard-impl\1.2.1\taglibs-standard-impl-1.2.1.jar;E:\maven\repository\com\fasterxml\jackson\core\jackson-core\2.10.1\jackson-core-2.10.1.jar;E:\maven\repository\com\fasterxml\jackson\core\jackson-databind\2.10.1\jackson-databind-2.10.1.jar;E:\maven\repository\com\fasterxml\jackson\core\jackson-annotations\2.10.1\jackson-annotations-2.10.1.jar;E:\maven\repository\com\alibaba\fastjson\1.2.31\fastjson-1.2.31.jar;E:\maven\repository\org\hamcrest\hamcrest-core\1.3\hamcrest-core-1.3.jar;E:\maven\repository\org\springframework\spring-test\4.2.4.RELEASE\spring-test-4.2.4.RELEASE.jar;E:\maven\repository\log4j\log4j\1.2.17\log4j-1.2.17.jar;E:\maven\repository\org\slf4j\slf4j-api\1.7.28\slf4j-api-1.7.28.jar;E:\maven\repository\org\slf4j\slf4j-log4j12\1.7.28\slf4j-log4j12-1.7.28.jar;E:\maven\repository\commons-logging\commons-logging\1.2\commons-logging-1.2.jar;E:\maven\repository\redis\clients\jedis\2.9.0\jedis-2.9.0.jar;E:\maven\repository\org\springframework\data\spring-data-redis\1.6.2.RELEASE\spring-data-redis-1.6.2.RELEASE.jar;E:\maven\repository\org\springframework\spring-context-support\4.1.9.RELEASE\spring-context-support-4.1.9.RELEASE.jar;E:\maven\repository\io\springfox\springfox-swagger2\2.4.0\springfox-swagger2-2.4.0.jar;E:\maven\repository\io\swagger\swagger-annotations\1.5.6\swagger-annotations-1.5.6.jar;E:\maven\repository\io\swagger\swagger-models\1.5.6\swagger-models-1.5.6.jar;E:\maven\repository\io\springfox\springfox-spi\2.4.0\springfox-spi-2.4.0.jar;E:\maven\repository\io\springfox\springfox-core\2.4.0\springfox-core-2.4.0.jar;E:\maven\repository\io\springfox\springfox-schema\2.4.0\springfox-schema-2.4.0.jar;E:\maven\repository\io\springfox\springfox-swagger-common\2.4.0\springfox-swagger-common-2.4.0.jar;E:\maven\repository\io\springfox\springfox-spring-web\2.4.0\springfox-spring-web-2.4.0.jar;E:\maven\repository\com\google\guava\guava\18.0\guava-18.0.jar;E:\maven\repository\org\springframework\plugin\spring-plugin-core\1.2.0.RELEASE\spring-plugin-core-1.2.0.RELEASE.jar;E:\maven\repository\org\springframework\plugin\spring-plugin-metadata\1.2.0.RELEASE\spring-plugin-metadata-1.2.0.RELEASE.jar;E:\maven\repository\io\springfox\springfox-swagger-ui\2.4.0\springfox-swagger-ui-2.4.0.jar;"/>
    <property name="java.vm.vendor" value="Oracle Corporation"/>
    <property name="sun.arch.data.model" value="64"/>
    <property name="user.variant" value=""/>
    <property name="java.vendor.url" value="http://java.oracle.com/"/>
    <property name="user.timezone" value="Asia/Shanghai"/>
    <property name="java.vm.specification.version" value="1.8"/>
    <property name="os.name" value="Windows 10"/>
    <property name="user.country" value="CN"/>
    <property name="sun.java.launcher" value="SUN_STANDARD"/>
    <property name="sun.boot.library.path" value="C:\Program Files\Java\jdk1.8.0_161\jre\bin"/>
    <property name="sun.java.command" value="C:\Users\15758\AppData\Local\Temp\surefire408362599326700571\surefirebooter2957077001229216999.jar C:\Users\15758\AppData\Local\Temp\surefire408362599326700571 2020-02-10T14-09-40_864-jvmRun1 surefire6273374230173438945tmp surefire_06590052564017641882tmp"/>
    <property name="surefire.test.class.path" value="E:\itripback\itrip_auth\target\test-classes;E:\itripback\itrip_auth\target\classes;E:\itripback\itrip_dao\target\itrip_dao-1.0-SNAPSHOT.jar;E:\itripback\itrip_utils\target\itrip_utils-1.0-SNAPSHOT.jar;E:\itripback\itrip_beans\target\itrip_beans-1.0-SNAPSHOT.jar;E:\maven\repository\com\belerweb\pinyin4j\2.5.1\pinyin4j-2.5.1.jar;E:\maven\repository\cz\mallat\uasparser\uasparser\0.6.0\uasparser-0.6.0.jar;E:\maven\repository\net\sourceforge\jregex\jregex\1.2_01\jregex-1.2_01.jar;E:\maven\repository\junit\junit\4.11\junit-4.11.jar;E:\maven\repository\org\springframework\spring-core\4.2.4.RELEASE\spring-core-4.2.4.RELEASE.jar;E:\maven\repository\org\springframework\spring-beans\4.2.4.RELEASE\spring-beans-4.2.4.RELEASE.jar;E:\maven\repository\org\springframework\spring-context\4.2.4.RELEASE\spring-context-4.2.4.RELEASE.jar;E:\maven\repository\org\springframework\spring-expression\4.2.4.RELEASE\spring-expression-4.2.4.RELEASE.jar;E:\maven\repository\org\springframework\spring-aop\4.2.4.RELEASE\spring-aop-4.2.4.RELEASE.jar;E:\maven\repository\org\springframework\spring-aspects\4.2.4.RELEASE\spring-aspects-4.2.4.RELEASE.jar;E:\maven\repository\aopalliance\aopalliance\1.0\aopalliance-1.0.jar;E:\maven\repository\org\aspectj\aspectjweaver\1.9.5\aspectjweaver-1.9.5.jar;E:\maven\repository\org\mybatis\mybatis\3.5.3\mybatis-3.5.3.jar;E:\maven\repository\org\mybatis\mybatis-spring\2.0.3\mybatis-spring-2.0.3.jar;E:\maven\repository\org\apache\commons\commons-dbcp2\2.6.0\commons-dbcp2-2.6.0.jar;E:\maven\repository\org\apache\commons\commons-pool2\2.6.1\commons-pool2-2.6.1.jar;E:\maven\repository\org\springframework\spring-jdbc\4.2.4.RELEASE\spring-jdbc-4.2.4.RELEASE.jar;E:\maven\repository\org\springframework\spring-tx\4.2.4.RELEASE\spring-tx-4.2.4.RELEASE.jar;E:\maven\repository\mysql\mysql-connector-java\5.1.46\mysql-connector-java-5.1.46.jar;E:\maven\repository\org\springframework\spring-web\4.2.4.RELEASE\spring-web-4.2.4.RELEASE.jar;E:\maven\repository\org\springframework\spring-webmvc\4.2.4.RELEASE\spring-webmvc-4.2.4.RELEASE.jar;E:\maven\repository\javax\servlet\jsp\jsp-api\2.1\jsp-api-2.1.jar;E:\maven\repository\javax\servlet\javax.servlet-api\4.0.1\javax.servlet-api-4.0.1.jar;E:\maven\repository\jstl\jstl\1.2\jstl-1.2.jar;E:\maven\repository\org\apache\taglibs\taglibs-standard-spec\1.2.1\taglibs-standard-spec-1.2.1.jar;E:\maven\repository\org\apache\taglibs\taglibs-standard-impl\1.2.1\taglibs-standard-impl-1.2.1.jar;E:\maven\repository\com\fasterxml\jackson\core\jackson-core\2.10.1\jackson-core-2.10.1.jar;E:\maven\repository\com\fasterxml\jackson\core\jackson-databind\2.10.1\jackson-databind-2.10.1.jar;E:\maven\repository\com\fasterxml\jackson\core\jackson-annotations\2.10.1\jackson-annotations-2.10.1.jar;E:\maven\repository\com\alibaba\fastjson\1.2.31\fastjson-1.2.31.jar;E:\maven\repository\org\hamcrest\hamcrest-core\1.3\hamcrest-core-1.3.jar;E:\maven\repository\org\springframework\spring-test\4.2.4.RELEASE\spring-test-4.2.4.RELEASE.jar;E:\maven\repository\log4j\log4j\1.2.17\log4j-1.2.17.jar;E:\maven\repository\org\slf4j\slf4j-api\1.7.28\slf4j-api-1.7.28.jar;E:\maven\repository\org\slf4j\slf4j-log4j12\1.7.28\slf4j-log4j12-1.7.28.jar;E:\maven\repository\commons-logging\commons-logging\1.2\commons-logging-1.2.jar;E:\maven\repository\redis\clients\jedis\2.9.0\jedis-2.9.0.jar;E:\maven\repository\org\springframework\data\spring-data-redis\1.6.2.RELEASE\spring-data-redis-1.6.2.RELEASE.jar;E:\maven\repository\org\springframework\spring-context-support\4.1.9.RELEASE\spring-context-support-4.1.9.RELEASE.jar;E:\maven\repository\io\springfox\springfox-swagger2\2.4.0\springfox-swagger2-2.4.0.jar;E:\maven\repository\io\swagger\swagger-annotations\1.5.6\swagger-annotations-1.5.6.jar;E:\maven\repository\io\swagger\swagger-models\1.5.6\swagger-models-1.5.6.jar;E:\maven\repository\io\springfox\springfox-spi\2.4.0\springfox-spi-2.4.0.jar;E:\maven\repository\io\springfox\springfox-core\2.4.0\springfox-core-2.4.0.jar;E:\maven\repository\io\springfox\springfox-schema\2.4.0\springfox-schema-2.4.0.jar;E:\maven\repository\io\springfox\springfox-swagger-common\2.4.0\springfox-swagger-common-2.4.0.jar;E:\maven\repository\io\springfox\springfox-spring-web\2.4.0\springfox-spring-web-2.4.0.jar;E:\maven\repository\com\google\guava\guava\18.0\guava-18.0.jar;E:\maven\repository\org\springframework\plugin\spring-plugin-core\1.2.0.RELEASE\spring-plugin-core-1.2.0.RELEASE.jar;E:\maven\repository\org\springframework\plugin\spring-plugin-metadata\1.2.0.RELEASE\spring-plugin-metadata-1.2.0.RELEASE.jar;E:\maven\repository\io\springfox\springfox-swagger-ui\2.4.0\springfox-swagger-ui-2.4.0.jar;"/>
    <property name="sun.cpu.endian" value="little"/>
    <property name="user.home" value="C:\Users\15758"/>
    <property name="user.language" value="zh"/>
    <property name="java.specification.vendor" value="Oracle Corporation"/>
    <property name="java.home" value="C:\Program Files\Java\jdk1.8.0_161\jre"/>
    <property name="basedir" value="E:\itripback\itrip_auth"/>
    <property name="file.separator" value="\"/>
    <property name="line.separator" value="&#10;"/>
    <property name="java.vm.specification.vendor" value="Oracle Corporation"/>
    <property name="java.specification.name" value="Java Platform API Specification"/>
    <property name="java.awt.graphicsenv" value="sun.awt.Win32GraphicsEnvironment"/>
    <property name="surefire.real.class.path" value="C:\Users\15758\AppData\Local\Temp\surefire408362599326700571\surefirebooter2957077001229216999.jar"/>
    <property name="sun.boot.class.path" value="C:\Program Files\Java\jdk1.8.0_161\jre\lib\resources.jar;C:\Program Files\Java\jdk1.8.0_161\jre\lib\rt.jar;C:\Program Files\Java\jdk1.8.0_161\jre\lib\sunrsasign.jar;C:\Program Files\Java\jdk1.8.0_161\jre\lib\jsse.jar;C:\Program Files\Java\jdk1.8.0_161\jre\lib\jce.jar;C:\Program Files\Java\jdk1.8.0_161\jre\lib\charsets.jar;C:\Program Files\Java\jdk1.8.0_161\jre\lib\jfr.jar;C:\Program Files\Java\jdk1.8.0_161\jre\classes"/>
    <property name="user.script" value=""/>
    <property name="sun.management.compiler" value="HotSpot 64-Bit Tiered Compilers"/>
    <property name="java.runtime.version" value="1.8.0_161-b12"/>
    <property name="user.name" value="15758"/>
    <property name="path.separator" value=";"/>
    <property name="os.version" value="10.0"/>
    <property name="java.endorsed.dirs" value="C:\Program Files\Java\jdk1.8.0_161\jre\lib\endorsed"/>
    <property name="java.runtime.name" value="Java(TM) SE Runtime Environment"/>
    <property name="file.encoding" value="GBK"/>
    <property name="java.vm.name" value="Java HotSpot(TM) 64-Bit Server VM"/>
    <property name="localRepository" value="E:\maven\repository"/>
    <property name="java.vendor.url.bug" value="http://bugreport.sun.com/bugreport/"/>
    <property name="java.io.tmpdir" value="C:\Users\15758\AppData\Local\Temp\"/>
    <property name="java.version" value="1.8.0_161"/>
    <property name="user.dir" value="E:\itripback\itrip_auth"/>
    <property name="os.arch" value="amd64"/>
    <property name="java.vm.specification.name" value="Java Virtual Machine Specification"/>
    <property name="java.awt.printerjob" value="sun.awt.windows.WPrinterJob"/>
    <property name="sun.os.patch.level" value=""/>
    <property name="java.library.path" value="C:\Program Files\Java\jdk1.8.0_161\jre\bin;C:\Windows\Sun\Java\bin;C:\Windows\system32;C:\Windows;C:\ProgramData\Oracle\Java\javapath;C:\Program Files\jdk-12.0.2\bin;C:\Program Files\jdk-13\bin;C:\Windows\system32;C:\Windows;C:\Windows\System32\Wbem;C:\Windows\System32\WindowsPowerShell\v1.0\;C:\Windows\System32\OpenSSH\;C:\Program Files (x86)\NVIDIA Corporation\PhysX\Common;E:\MySQL\bin;C:\Program Files\NVIDIA Corporation\NVIDIA NvDLISR;E:\apache-tomcat-8.5.47\lib;E:\apache-tomcat-8.5.47\bin;C:\Program Files\Java\jdk1.8.0_161\bin;C:\Program Files\Java\jre1.8.0_161\bin;E:\Git\cmd;E:\Redis\;C:\Users\15758\AppData\Local\Microsoft\WindowsApps;C:\Users\15758\AppData\Local\GitHubDesktop\bin;."/>
    <property name="java.vm.info" value="mixed mode"/>
    <property name="java.vendor" value="Oracle Corporation"/>
    <property name="java.vm.version" value="25.161-b12"/>
    <property name="idea.version2019.3" value="true"/>
    <property name="java.ext.dirs" value="C:\Program Files\Java\jdk1.8.0_161\jre\lib\ext;C:\Windows\Sun\Java\lib\ext"/>
    <property name="sun.io.unicode.encoding" value="UnicodeLittle"/>
    <property name="maven.repo.local" value="E:\maven\repository"/>
    <property name="java.class.version" value="52.0"/>
  </properties>
  <testcase name="test01" classname="com.kgc.test.UserTest" time="0.186"/>
</testsuite>